<?xml version="1.0" encoding="UTF-8"?>
<coverage generated="1558975174">
  <project timestamp="1558975174">
    <package name="HGPestana\UserBundle\DependencyInjection">
      <file name="/home/hgpestana/dev/hgpestana/user-bundle/DependencyInjection/Configuration.php">
        <class name="HGPestana\UserBundle\DependencyInjection\Configuration" namespace="HGPestana\UserBundle\DependencyInjection">
          <metrics complexity="1" methods="1" coveredmethods="0" conditionals="0" coveredconditionals="0" statements="3" coveredstatements="0" elements="4" coveredelements="0"/>
        </class>
        <line num="18" type="method" name="getConfigTreeBuilder" visibility="public" complexity="1" crap="2.00" count="0"/>
        <line num="20" type="stmt" count="0"/>
        <line num="21" type="stmt" count="0"/>
        <line num="27" type="stmt" count="0"/>
        <metrics loc="29" ncloc="15" classes="1" methods="1" coveredmethods="0" conditionals="0" coveredconditionals="0" statements="3" coveredstatements="0" elements="4" coveredelements="0"/>
      </file>
      <file name="/home/hgpestana/dev/hgpestana/user-bundle/DependencyInjection/HGPestanaUserExtension.php">
        <class name="HGPestana\UserBundle\DependencyInjection\HGPestanaUserExtension" namespace="HGPestana\UserBundle\DependencyInjection">
          <metrics complexity="2" methods="1" coveredmethods="0" conditionals="0" coveredconditionals="0" statements="6" coveredstatements="0" elements="7" coveredelements="0"/>
        </class>
        <line num="21" type="method" name="load" visibility="public" complexity="2" crap="6.00" count="0"/>
        <line num="23" type="stmt" count="0"/>
        <line num="24" type="stmt" count="0"/>
        <line num="26" type="stmt" count="0"/>
        <line num="28" type="stmt" count="0"/>
        <line num="29" type="stmt" count="0"/>
        <line num="33" type="stmt" count="0"/>
        <metrics loc="34" ncloc="24" classes="1" methods="1" coveredmethods="0" conditionals="0" coveredconditionals="0" statements="6" coveredstatements="0" elements="7" coveredelements="0"/>
      </file>
    </package>
    <package name="HGPestana\UserBundle\Entity">
      <file name="/home/hgpestana/dev/hgpestana/user-bundle/Entity/ApiToken.php">
        <class name="HGPestana\UserBundle\Entity\ApiToken" namespace="HGPestana\UserBundle\Entity">
          <metrics complexity="14" methods="11" coveredmethods="0" conditionals="0" coveredconditionals="0" statements="21" coveredstatements="0" elements="32" coveredelements="0"/>
        </class>
        <line num="78" type="method" name="__construct" visibility="public" complexity="1" crap="2.00" count="0"/>
        <line num="80" type="stmt" count="0"/>
        <line num="81" type="stmt" count="0"/>
        <line num="82" type="stmt" count="0"/>
        <line num="83" type="stmt" count="0"/>
        <line num="84" type="stmt" count="0"/>
        <line num="85" type="stmt" count="0"/>
        <line num="92" type="method" name="getId" visibility="public" complexity="2" crap="6.00" count="0"/>
        <line num="94" type="stmt" count="0"/>
        <line num="102" type="method" name="getToken" visibility="public" complexity="1" crap="2.00" count="0"/>
        <line num="104" type="stmt" count="0"/>
        <line num="112" type="method" name="getUser" visibility="public" complexity="1" crap="2.00" count="0"/>
        <line num="114" type="stmt" count="0"/>
        <line num="122" type="method" name="getDescription" visibility="public" complexity="1" crap="2.00" count="0"/>
        <line num="124" type="stmt" count="0"/>
        <line num="134" type="method" name="setDescription" visibility="public" complexity="2" crap="6.00" count="0"/>
        <line num="136" type="stmt" count="0"/>
        <line num="137" type="stmt" count="0"/>
        <line num="140" type="stmt" count="0"/>
        <line num="148" type="method" name="getImmutable" visibility="public" complexity="1" crap="2.00" count="0"/>
        <line num="150" type="stmt" count="0"/>
        <line num="159" type="method" name="invalidateKey" visibility="public" complexity="1" crap="2.00" count="0"/>
        <line num="161" type="stmt" count="0"/>
        <line num="162" type="stmt" count="0"/>
        <line num="171" type="method" name="isExpired" visibility="public" complexity="1" crap="2.00" count="0"/>
        <line num="173" type="stmt" count="0"/>
        <line num="181" type="method" name="getExpiresAt" visibility="public" complexity="1" crap="2.00" count="0"/>
        <line num="183" type="stmt" count="0"/>
        <line num="193" type="method" name="setExpiresAt" visibility="public" complexity="2" crap="6.00" count="0"/>
        <line num="195" type="stmt" count="0"/>
        <line num="196" type="stmt" count="0"/>
        <line num="199" type="stmt" count="0"/>
        <metrics loc="201" ncloc="95" classes="1" methods="11" coveredmethods="0" conditionals="0" coveredconditionals="0" statements="21" coveredstatements="0" elements="32" coveredelements="0"/>
      </file>
      <file name="/home/hgpestana/dev/hgpestana/user-bundle/Entity/TimeProperties.php">
        <class name="HGPestana\UserBundle\Entity\TimeProperties" namespace="HGPestana\UserBundle\Entity">
          <metrics complexity="6" methods="5" coveredmethods="0" conditionals="0" coveredconditionals="0" statements="11" coveredstatements="0" elements="16" coveredelements="0"/>
        </class>
        <line num="45" type="method" name="getCreateDate" visibility="public" complexity="1" crap="2.00" count="0"/>
        <line num="47" type="stmt" count="0"/>
        <line num="55" type="method" name="setCreateDate" visibility="public" complexity="1" crap="2.00" count="0"/>
        <line num="57" type="stmt" count="0"/>
        <line num="58" type="stmt" count="0"/>
        <line num="64" type="method" name="getUpdateDate" visibility="public" complexity="1" crap="2.00" count="0"/>
        <line num="66" type="stmt" count="0"/>
        <line num="74" type="method" name="setUpdateDate" visibility="public" complexity="1" crap="2.00" count="0"/>
        <line num="76" type="stmt" count="0"/>
        <line num="77" type="stmt" count="0"/>
        <line num="86" type="method" name="updateTimeProperties" visibility="public" complexity="2" crap="6.00" count="0"/>
        <line num="88" type="stmt" count="0"/>
        <line num="89" type="stmt" count="0"/>
        <line num="90" type="stmt" count="0"/>
        <line num="91" type="stmt" count="0"/>
        <line num="93" type="stmt" count="0"/>
        <metrics loc="93" ncloc="46" classes="1" methods="5" coveredmethods="0" conditionals="0" coveredconditionals="0" statements="11" coveredstatements="0" elements="16" coveredelements="0"/>
      </file>
      <file name="/home/hgpestana/dev/hgpestana/user-bundle/Entity/User.php">
        <class name="HGPestana\UserBundle\Entity\User" namespace="HGPestana\UserBundle\Entity">
          <metrics complexity="55" methods="41" coveredmethods="0" conditionals="0" coveredconditionals="0" statements="92" coveredstatements="0" elements="133" coveredelements="0"/>
        </class>
        <line num="120" type="method" name="__construct" visibility="public" complexity="1" crap="2.00" count="0"/>
        <line num="122" type="stmt" count="0"/>
        <line num="123" type="stmt" count="0"/>
        <line num="124" type="stmt" count="0"/>
        <line num="125" type="stmt" count="0"/>
        <line num="126" type="stmt" count="0"/>
        <line num="127" type="stmt" count="0"/>
        <line num="128" type="stmt" count="0"/>
        <line num="129" type="stmt" count="0"/>
        <line num="134" type="method" name="isAccountNonExpired" visibility="public" complexity="1" crap="2.00" count="0"/>
        <line num="136" type="stmt" count="0"/>
        <line num="142" type="method" name="isAccountNonLocked" visibility="public" complexity="1" crap="2.00" count="0"/>
        <line num="144" type="stmt" count="0"/>
        <line num="150" type="method" name="isCredentialsNonExpired" visibility="public" complexity="1" crap="2.00" count="0"/>
        <line num="152" type="stmt" count="0"/>
        <line num="158" type="method" name="isEnabled" visibility="public" complexity="1" crap="2.00" count="0"/>
        <line num="160" type="stmt" count="0"/>
        <line num="170" type="method" name="setEnabled" visibility="public" complexity="1" crap="2.00" count="0"/>
        <line num="172" type="stmt" count="0"/>
        <line num="173" type="stmt" count="0"/>
        <line num="179" type="method" name="getPassword" visibility="public" complexity="1" crap="2.00" count="0"/>
        <line num="181" type="stmt" count="0"/>
        <line num="191" type="method" name="setPassword" visibility="public" complexity="1" crap="2.00" count="0"/>
        <line num="193" type="stmt" count="0"/>
        <line num="194" type="stmt" count="0"/>
        <line num="200" type="method" name="getSalt" visibility="public" complexity="2" crap="6.00" count="0"/>
        <line num="202" type="stmt" count="0"/>
        <line num="212" type="method" name="setSalt" visibility="public" complexity="1" crap="2.00" count="0"/>
        <line num="214" type="stmt" count="0"/>
        <line num="215" type="stmt" count="0"/>
        <line num="221" type="method" name="getUsername" visibility="public" complexity="2" crap="6.00" count="0"/>
        <line num="223" type="stmt" count="0"/>
        <line num="229" type="method" name="eraseCredentials" visibility="public" complexity="1" crap="2.00" count="0"/>
        <line num="231" type="stmt" count="0"/>
        <line num="236" type="method" name="serialize" visibility="public" complexity="2" crap="6.00" count="0"/>
        <line num="238" type="stmt" count="0"/>
        <line num="239" type="stmt" count="0"/>
        <line num="240" type="stmt" count="0"/>
        <line num="241" type="stmt" count="0"/>
        <line num="242" type="stmt" count="0"/>
        <line num="243" type="stmt" count="0"/>
        <line num="244" type="stmt" count="0"/>
        <line num="251" type="method" name="unserialize" visibility="public" complexity="1" crap="2.00" count="0"/>
        <line num="253" type="stmt" count="0"/>
        <line num="255" type="stmt" count="0"/>
        <line num="256" type="stmt" count="0"/>
        <line num="257" type="stmt" count="0"/>
        <line num="258" type="stmt" count="0"/>
        <line num="259" type="stmt" count="0"/>
        <line num="260" type="stmt" count="0"/>
        <line num="261" type="stmt" count="0"/>
        <line num="262" type="stmt" count="0"/>
        <line num="269" type="method" name="getLastUpdated" visibility="public" complexity="2" crap="6.00" count="0"/>
        <line num="271" type="stmt" count="0"/>
        <line num="280" type="method" name="updatedTimestamps" visibility="public" complexity="2" crap="6.00" count="0"/>
        <line num="282" type="stmt" count="0"/>
        <line num="283" type="stmt" count="0"/>
        <line num="284" type="stmt" count="0"/>
        <line num="285" type="stmt" count="0"/>
        <line num="287" type="stmt" count="0"/>
        <line num="296" type="method" name="setLastUpdated" visibility="private" complexity="1" crap="2.00" count="0"/>
        <line num="298" type="stmt" count="0"/>
        <line num="299" type="stmt" count="0"/>
        <line num="307" type="method" name="getCreatedAt" visibility="public" complexity="2" crap="6.00" count="0"/>
        <line num="309" type="stmt" count="0"/>
        <line num="319" type="method" name="setCreatedAt" visibility="private" complexity="1" crap="2.00" count="0"/>
        <line num="321" type="stmt" count="0"/>
        <line num="322" type="stmt" count="0"/>
        <line num="330" type="method" name="getId" visibility="public" complexity="2" crap="6.00" count="0"/>
        <line num="332" type="stmt" count="0"/>
        <line num="340" type="method" name="getUsernameCanonical" visibility="public" complexity="1" crap="2.00" count="0"/>
        <line num="342" type="stmt" count="0"/>
        <line num="350" type="method" name="getEmail" visibility="public" complexity="1" crap="2.00" count="0"/>
        <line num="352" type="stmt" count="0"/>
        <line num="362" type="method" name="setEmail" visibility="public" complexity="1" crap="2.00" count="0"/>
        <line num="364" type="stmt" count="0"/>
        <line num="365" type="stmt" count="0"/>
        <line num="366" type="stmt" count="0"/>
        <line num="374" type="method" name="getEmailCanonical" visibility="public" complexity="1" crap="2.00" count="0"/>
        <line num="376" type="stmt" count="0"/>
        <line num="384" type="method" name="getLastLogin" visibility="public" complexity="2" crap="6.00" count="0"/>
        <line num="386" type="stmt" count="0"/>
        <line num="396" type="method" name="setLastLogin" visibility="public" complexity="1" crap="2.00" count="0"/>
        <line num="398" type="stmt" count="0"/>
        <line num="399" type="stmt" count="0"/>
        <line num="407" type="method" name="getConfirmationToken" visibility="public" complexity="1" crap="2.00" count="0"/>
        <line num="409" type="stmt" count="0"/>
        <line num="419" type="method" name="setConfirmationToken" visibility="public" complexity="1" crap="2.00" count="0"/>
        <line num="421" type="stmt" count="0"/>
        <line num="422" type="stmt" count="0"/>
        <line num="430" type="method" name="isSuperAdmin" visibility="public" complexity="1" crap="2.00" count="0"/>
        <line num="432" type="stmt" count="0"/>
        <line num="435" type="method" name="hasRole" visibility="public" complexity="1" crap="2.00" count="0"/>
        <line num="437" type="stmt" count="0"/>
        <line num="443" type="method" name="getRoles" visibility="public" complexity="1" crap="2.00" count="0"/>
        <line num="445" type="stmt" count="0"/>
        <line num="446" type="stmt" count="0"/>
        <line num="456" type="method" name="setRoles" visibility="public" complexity="2" crap="6.00" count="0"/>
        <line num="458" type="stmt" count="0"/>
        <line num="459" type="stmt" count="0"/>
        <line num="460" type="stmt" count="0"/>
        <line num="462" type="stmt" count="0"/>
        <line num="472" type="method" name="addRole" visibility="public" complexity="3" crap="12.00" count="0"/>
        <line num="474" type="stmt" count="0"/>
        <line num="475" type="stmt" count="0"/>
        <line num="476" type="stmt" count="0"/>
        <line num="478" type="stmt" count="0"/>
        <line num="479" type="stmt" count="0"/>
        <line num="481" type="stmt" count="0"/>
        <line num="491" type="method" name="setUsername" visibility="public" complexity="1" crap="2.00" count="0"/>
        <line num="493" type="stmt" count="0"/>
        <line num="501" type="method" name="setSuperAdmin" visibility="public" complexity="1" crap="2.00" count="0"/>
        <line num="503" type="stmt" count="0"/>
        <line num="504" type="stmt" count="0"/>
        <line num="512" type="method" name="unsetSuperAdmin" visibility="public" complexity="1" crap="2.00" count="0"/>
        <line num="514" type="stmt" count="0"/>
        <line num="515" type="stmt" count="0"/>
        <line num="525" type="method" name="removeRole" visibility="public" complexity="2" crap="6.00" count="0"/>
        <line num="527" type="stmt" count="0"/>
        <line num="529" type="stmt" count="0"/>
        <line num="530" type="stmt" count="0"/>
        <line num="531" type="stmt" count="0"/>
        <line num="534" type="stmt" count="0"/>
        <line num="542" type="method" name="getPasswordRequestedAt" visibility="public" complexity="2" crap="6.00" count="0"/>
        <line num="544" type="stmt" count="0"/>
        <line num="554" type="method" name="setPasswordRequestedAt" visibility="public" complexity="1" crap="2.00" count="0"/>
        <line num="556" type="stmt" count="0"/>
        <line num="557" type="stmt" count="0"/>
        <line num="567" type="method" name="isPasswordRequestNonExpired" visibility="public" complexity="2" crap="6.00" count="0"/>
        <line num="569" type="stmt" count="0"/>
        <line num="570" type="stmt" count="0"/>
        <line num="578" type="method" name="getApiTokens" visibility="public" complexity="1" crap="2.00" count="0"/>
        <line num="580" type="stmt" count="0"/>
        <metrics loc="582" ncloc="303" classes="1" methods="41" coveredmethods="0" conditionals="0" coveredconditionals="0" statements="92" coveredstatements="0" elements="133" coveredelements="0"/>
      </file>
    </package>
    <package name="HGPestana\UserBundle">
      <file name="/home/hgpestana/dev/hgpestana/user-bundle/HGPestanaUserBundle.php">
        <class name="HGPestana\UserBundle\HGPestanaUserBundle" namespace="HGPestana\UserBundle">
          <metrics complexity="0" methods="0" coveredmethods="0" conditionals="0" coveredconditionals="0" statements="0" coveredstatements="0" elements="0" coveredelements="0"/>
        </class>
        <metrics loc="9" ncloc="9" classes="0" methods="0" coveredmethods="0" conditionals="0" coveredconditionals="0" statements="0" coveredstatements="0" elements="0" coveredelements="0"/>
      </file>
    </package>
    <package name="HGPestana\UserBundle\Repository">
      <file name="/home/hgpestana/dev/hgpestana/user-bundle/Repository/ApiTokenRepository.php">
        <class name="HGPestana\UserBundle\Repository\ApiTokenRepository" namespace="HGPestana\UserBundle\Repository">
          <metrics complexity="0" methods="0" coveredmethods="0" conditionals="0" coveredconditionals="0" statements="0" coveredstatements="0" elements="0" coveredelements="0"/>
        </class>
        <metrics loc="18" ncloc="7" classes="0" methods="0" coveredmethods="0" conditionals="0" coveredconditionals="0" statements="0" coveredstatements="0" elements="0" coveredelements="0"/>
      </file>
      <file name="/home/hgpestana/dev/hgpestana/user-bundle/Repository/ObjectRepository.php">
        <class name="HGPestana\UserBundle\Repository\ObjectRepository" namespace="HGPestana\UserBundle\Repository">
          <metrics complexity="17" methods="10" coveredmethods="0" conditionals="0" coveredconditionals="0" statements="47" coveredstatements="0" elements="57" coveredelements="0"/>
        </class>
        <line num="34" type="method" name="__construct" visibility="public" complexity="1" crap="2.00" count="0"/>
        <line num="36" type="stmt" count="0"/>
        <line num="37" type="stmt" count="0"/>
        <line num="38" type="stmt" count="0"/>
        <line num="43" type="method" name="save" visibility="public" complexity="3" crap="12.00" count="0"/>
        <line num="45" type="stmt" count="0"/>
        <line num="46" type="stmt" count="0"/>
        <line num="47" type="stmt" count="0"/>
        <line num="51" type="stmt" count="0"/>
        <line num="52" type="stmt" count="0"/>
        <line num="53" type="stmt" count="0"/>
        <line num="55" type="stmt" count="0"/>
        <line num="61" type="method" name="getClassName" visibility="public" complexity="1" crap="2.00" count="0"/>
        <line num="63" type="stmt" count="0"/>
        <line num="69" type="method" name="delete" visibility="public" complexity="3" crap="12.00" count="0"/>
        <line num="71" type="stmt" count="0"/>
        <line num="72" type="stmt" count="0"/>
        <line num="73" type="stmt" count="0"/>
        <line num="77" type="stmt" count="0"/>
        <line num="78" type="stmt" count="0"/>
        <line num="79" type="stmt" count="0"/>
        <line num="81" type="stmt" count="0"/>
        <line num="87" type="method" name="find" visibility="public" complexity="1" crap="2.00" count="0"/>
        <line num="90" type="stmt" count="0"/>
        <line num="91" type="stmt" count="0"/>
        <line num="92" type="stmt" count="0"/>
        <line num="94" type="stmt" count="0"/>
        <line num="100" type="method" name="findAll" visibility="public" complexity="1" crap="2.00" count="0"/>
        <line num="102" type="stmt" count="0"/>
        <line num="108" type="method" name="findBy" visibility="public" complexity="2" crap="6.00" count="0"/>
        <line num="110" type="stmt" count="0"/>
        <line num="111" type="stmt" count="0"/>
        <line num="112" type="stmt" count="0"/>
        <line num="118" type="method" name="createQueryBuilder" visibility="public" complexity="1" crap="2.00" count="0"/>
        <line num="120" type="stmt" count="0"/>
        <line num="121" type="stmt" count="0"/>
        <line num="122" type="stmt" count="0"/>
        <line num="135" type="method" name="__call" visibility="public" complexity="3" crap="12.00" count="0"/>
        <line num="137" type="stmt" count="0"/>
        <line num="138" type="stmt" count="0"/>
        <line num="141" type="stmt" count="0"/>
        <line num="142" type="stmt" count="0"/>
        <line num="145" type="stmt" count="0"/>
        <line num="146" type="stmt" count="0"/>
        <line num="147" type="stmt" count="0"/>
        <line num="148" type="stmt" count="0"/>
        <line num="149" type="stmt" count="0"/>
        <line num="150" type="stmt" count="0"/>
        <line num="151" type="stmt" count="0"/>
        <line num="152" type="stmt" count="0"/>
        <line num="153" type="stmt" count="0"/>
        <line num="154" type="stmt" count="0"/>
        <line num="160" type="method" name="findOneBy" visibility="public" complexity="1" crap="2.00" count="0"/>
        <line num="163" type="stmt" count="0"/>
        <line num="164" type="stmt" count="0"/>
        <line num="165" type="stmt" count="0"/>
        <line num="167" type="stmt" count="0"/>
        <metrics loc="168" ncloc="119" classes="1" methods="10" coveredmethods="0" conditionals="0" coveredconditionals="0" statements="47" coveredstatements="0" elements="57" coveredelements="0"/>
      </file>
      <file name="/home/hgpestana/dev/hgpestana/user-bundle/Repository/UserRepository.php">
        <class name="HGPestana\UserBundle\Repository\UserRepository" namespace="HGPestana\UserBundle\Repository">
          <metrics complexity="2" methods="1" coveredmethods="0" conditionals="0" coveredconditionals="0" statements="7" coveredstatements="0" elements="8" coveredelements="0"/>
        </class>
        <line num="34" type="method" name="findOneByToken" visibility="public" complexity="2" crap="6.00" count="0"/>
        <line num="36" type="stmt" count="0"/>
        <line num="37" type="stmt" count="0"/>
        <line num="38" type="stmt" count="0"/>
        <line num="39" type="stmt" count="0"/>
        <line num="40" type="stmt" count="0"/>
        <line num="41" type="stmt" count="0"/>
        <line num="43" type="stmt" count="0"/>
        <metrics loc="44" ncloc="25" classes="1" methods="1" coveredmethods="0" conditionals="0" coveredconditionals="0" statements="7" coveredstatements="0" elements="8" coveredelements="0"/>
      </file>
    </package>
    <file name="/home/hgpestana/dev/hgpestana/user-bundle/Repository/RepositoryInterface.php">
      <metrics loc="102" ncloc="26" classes="0" methods="0" coveredmethods="0" conditionals="0" coveredconditionals="0" statements="0" coveredstatements="0" elements="0" coveredelements="0"/>
    </file>
    <package name="HGPestana\UserBundle\Security\Core\Authentication">
      <file name="/home/hgpestana/dev/hgpestana/user-bundle/Security/Core/Authentication/ApiTokenAuthenticator.php">
        <class name="HGPestana\UserBundle\Security\Core\Authentication\ApiTokenAuthenticator" namespace="HGPestana\UserBundle\Security\Core\Authentication">
          <metrics complexity="17" methods="9" coveredmethods="0" conditionals="0" coveredconditionals="0" statements="19" coveredstatements="0" elements="28" coveredelements="0"/>
        </class>
        <line num="40" type="method" name="__construct" visibility="public" complexity="1" crap="2.00" count="0"/>
        <line num="42" type="stmt" count="0"/>
        <line num="43" type="stmt" count="0"/>
        <line num="48" type="method" name="start" visibility="public" complexity="2" crap="6.00" count="0"/>
        <line num="50" type="stmt" count="0"/>
        <line num="55" type="method" name="onAuthenticationSuccess" visibility="public" complexity="2" crap="6.00" count="0"/>
        <line num="57" type="stmt" count="0"/>
        <line num="62" type="method" name="supports" visibility="public" complexity="3" crap="12.00" count="0"/>
        <line num="65" type="stmt" count="0"/>
        <line num="66" type="stmt" count="0"/>
        <line num="72" type="method" name="getCredentials" visibility="public" complexity="2" crap="6.00" count="0"/>
        <line num="74" type="stmt" count="0"/>
        <line num="75" type="stmt" count="0"/>
        <line num="82" type="method" name="getUser" visibility="public" complexity="4" crap="20.00" count="0"/>
        <line num="85" type="stmt" count="0"/>
        <line num="87" type="stmt" count="0"/>
        <line num="88" type="stmt" count="0"/>
        <line num="91" type="stmt" count="0"/>
        <line num="92" type="stmt" count="0"/>
        <line num="95" type="stmt" count="0"/>
        <line num="101" type="method" name="onAuthenticationFailure" visibility="public" complexity="1" crap="2.00" count="0"/>
        <line num="103" type="stmt" count="0"/>
        <line num="104" type="stmt" count="0"/>
        <line num="105" type="stmt" count="0"/>
        <line num="111" type="method" name="checkCredentials" visibility="public" complexity="1" crap="2.00" count="0"/>
        <line num="113" type="stmt" count="0"/>
        <line num="119" type="method" name="supportsRememberMe" visibility="public" complexity="1" crap="2.00" count="0"/>
        <line num="121" type="stmt" count="0"/>
        <metrics loc="122" ncloc="81" classes="1" methods="9" coveredmethods="0" conditionals="0" coveredconditionals="0" statements="19" coveredstatements="0" elements="28" coveredelements="0"/>
      </file>
      <file name="/home/hgpestana/dev/hgpestana/user-bundle/Security/Core/Authentication/BasicAuthenticator.php">
        <class name="HGPestana\UserBundle\Security\Core\Authentication\BasicAuthenticator" namespace="HGPestana\UserBundle\Security\Core\Authentication">
          <metrics complexity="20" methods="11" coveredmethods="0" conditionals="0" coveredconditionals="0" statements="37" coveredstatements="0" elements="48" coveredelements="0"/>
        </class>
        <line num="50" type="method" name="__construct" visibility="public" complexity="1" crap="2.00" count="0"/>
        <line num="52" type="stmt" count="0"/>
        <line num="53" type="stmt" count="0"/>
        <line num="54" type="stmt" count="0"/>
        <line num="59" type="method" name="supports" visibility="public" complexity="2" crap="6.00" count="0"/>
        <line num="62" type="stmt" count="0"/>
        <line num="63" type="stmt" count="0"/>
        <line num="69" type="method" name="getCredentials" visibility="public" complexity="3" crap="12.00" count="0"/>
        <line num="71" type="stmt" count="0"/>
        <line num="72" type="stmt" count="0"/>
        <line num="74" type="stmt" count="0"/>
        <line num="75" type="stmt" count="0"/>
        <line num="79" type="stmt" count="0"/>
        <line num="80" type="stmt" count="0"/>
        <line num="87" type="method" name="getUser" visibility="public" complexity="3" crap="12.00" count="0"/>
        <line num="90" type="stmt" count="0"/>
        <line num="92" type="stmt" count="0"/>
        <line num="93" type="stmt" count="0"/>
        <line num="96" type="stmt" count="0"/>
        <line num="102" type="method" name="checkCredentials" visibility="public" complexity="1" crap="2.00" count="0"/>
        <line num="104" type="stmt" count="0"/>
        <line num="117" type="method" name="onAuthenticationSuccess" visibility="public" complexity="3" crap="12.00" count="0"/>
        <line num="120" type="stmt" count="0"/>
        <line num="121" type="stmt" count="0"/>
        <line num="123" type="stmt" count="0"/>
        <line num="126" type="stmt" count="0"/>
        <line num="130" type="stmt" count="0"/>
        <line num="133" type="stmt" count="0"/>
        <line num="135" type="stmt" count="0"/>
        <line num="137" type="stmt" count="0"/>
        <line num="149" type="method" name="getUserValidPlatformTokens" visibility="private" complexity="2" crap="6.00" count="0"/>
        <line num="151" type="stmt" count="0"/>
        <line num="152" type="stmt" count="0"/>
        <line num="153" type="stmt" count="0"/>
        <line num="155" type="stmt" count="0"/>
        <line num="166" type="method" name="generateValidPlatformToken" visibility="private" complexity="2" crap="6.00" count="0"/>
        <line num="168" type="stmt" count="0"/>
        <line num="169" type="stmt" count="0"/>
        <line num="170" type="stmt" count="0"/>
        <line num="172" type="stmt" count="0"/>
        <line num="183" type="method" name="onAuthenticationFailure" visibility="public" complexity="1" crap="2.00" count="0"/>
        <line num="185" type="stmt" count="0"/>
        <line num="186" type="stmt" count="0"/>
        <line num="187" type="stmt" count="0"/>
        <line num="193" type="method" name="supportsRememberMe" visibility="public" complexity="1" crap="2.00" count="0"/>
        <line num="195" type="stmt" count="0"/>
        <line num="201" type="method" name="start" visibility="public" complexity="1" crap="2.00" count="0"/>
        <line num="203" type="stmt" count="0"/>
        <metrics loc="203" ncloc="131" classes="1" methods="11" coveredmethods="0" conditionals="0" coveredconditionals="0" statements="37" coveredstatements="0" elements="48" coveredelements="0"/>
      </file>
    </package>
    <package name="HGPestana\UserBundle\Security\Core\Provider">
      <file name="/home/hgpestana/dev/hgpestana/user-bundle/Security/Core/Provider/UserApiProvider.php">
        <class name="HGPestana\UserBundle\Security\Core\Provider\UserApiProvider" namespace="HGPestana\UserBundle\Security\Core\Provider">
          <metrics complexity="7" methods="5" coveredmethods="0" conditionals="0" coveredconditionals="0" statements="14" coveredstatements="0" elements="19" coveredelements="0"/>
        </class>
        <line num="33" type="method" name="__construct" visibility="public" complexity="1" crap="2.00" count="0"/>
        <line num="35" type="stmt" count="0"/>
        <line num="36" type="stmt" count="0"/>
        <line num="42" type="method" name="loadUserByUsername" visibility="public" complexity="1" crap="2.00" count="0"/>
        <line num="44" type="stmt" count="0"/>
        <line num="56" type="method" name="fetchUser" visibility="private" complexity="2" crap="6.00" count="0"/>
        <line num="58" type="stmt" count="0"/>
        <line num="59" type="stmt" count="0"/>
        <line num="60" type="stmt" count="0"/>
        <line num="61" type="stmt" count="0"/>
        <line num="64" type="stmt" count="0"/>
        <line num="71" type="method" name="refreshUser" visibility="public" complexity="2" crap="6.00" count="0"/>
        <line num="73" type="stmt" count="0"/>
        <line num="74" type="stmt" count="0"/>
        <line num="75" type="stmt" count="0"/>
        <line num="78" type="stmt" count="0"/>
        <line num="80" type="stmt" count="0"/>
        <line num="86" type="method" name="supportsClass" visibility="public" complexity="1" crap="2.00" count="0"/>
        <line num="88" type="stmt" count="0"/>
        <metrics loc="90" ncloc="58" classes="1" methods="5" coveredmethods="0" conditionals="0" coveredconditionals="0" statements="14" coveredstatements="0" elements="19" coveredelements="0"/>
      </file>
      <file name="/home/hgpestana/dev/hgpestana/user-bundle/Security/Core/Provider/UserProvider.php">
        <class name="HGPestana\UserBundle\Security\Core\Provider\UserProvider" namespace="HGPestana\UserBundle\Security\Core\Provider">
          <metrics complexity="7" methods="5" coveredmethods="0" conditionals="0" coveredconditionals="0" statements="14" coveredstatements="0" elements="19" coveredelements="0"/>
        </class>
        <line num="32" type="method" name="__construct" visibility="public" complexity="1" crap="2.00" count="0"/>
        <line num="34" type="stmt" count="0"/>
        <line num="35" type="stmt" count="0"/>
        <line num="40" type="method" name="loadUserByUsername" visibility="public" complexity="1" crap="2.00" count="0"/>
        <line num="42" type="stmt" count="0"/>
        <line num="53" type="method" name="fetchUser" visibility="private" complexity="2" crap="6.00" count="0"/>
        <line num="55" type="stmt" count="0"/>
        <line num="56" type="stmt" count="0"/>
        <line num="57" type="stmt" count="0"/>
        <line num="58" type="stmt" count="0"/>
        <line num="61" type="stmt" count="0"/>
        <line num="67" type="method" name="refreshUser" visibility="public" complexity="2" crap="6.00" count="0"/>
        <line num="69" type="stmt" count="0"/>
        <line num="70" type="stmt" count="0"/>
        <line num="71" type="stmt" count="0"/>
        <line num="74" type="stmt" count="0"/>
        <line num="76" type="stmt" count="0"/>
        <line num="82" type="method" name="supportsClass" visibility="public" complexity="1" crap="2.00" count="0"/>
        <line num="84" type="stmt" count="0"/>
        <metrics loc="85" ncloc="56" classes="1" methods="5" coveredmethods="0" conditionals="0" coveredconditionals="0" statements="14" coveredstatements="0" elements="19" coveredelements="0"/>
      </file>
    </package>
    <metrics files="14" loc="1780" ncloc="995" classes="11" methods="100" coveredmethods="0" conditionals="0" coveredconditionals="0" statements="271" coveredstatements="0" elements="371" coveredelements="0"/>
  </project>
</coverage>
